#
# There is insufficient memory for the Java Runtime Environment to continue.
# Native memory allocation (malloc) failed to allocate 262160 bytes for Chunk::new
# Possible reasons:
#   The system is out of physical RAM or swap space
#   The process is running with CompressedOops enabled, and the Java Heap may be blocking the growth of the native heap
# Possible solutions:
#   Reduce memory load on the system
#   Increase physical memory or swap space
#   Check if swap backing store is full
#   Decrease Java heap size (-Xmx/-Xms)
#   Decrease number of Java threads
#   Decrease Java thread stack sizes (-Xss)
#   Set larger code cache with -XX:ReservedCodeCacheSize=
#   JVM is running with Unscaled Compressed Oops mode in which the Java heap is
#     placed in the first 4GB address space. The Java Heap base address is the
#     maximum limit for the native heap growth. Please use -XX:HeapBaseMinAddress
#     to set the Java Heap base and to place the Java Heap above 4GB virtual address.
# This output file may be truncated or incomplete.
#
#  Out of Memory Error (arena.cpp:189), pid=54252, tid=59036
#
# JRE version: Java(TM) SE Runtime Environment (17.0.10+11) (build 17.0.10+11-LTS-240)
# Java VM: Java HotSpot(TM) 64-Bit Server VM (17.0.10+11-LTS-240, mixed mode, sharing, tiered, compressed oops, compressed class ptrs, g1 gc, windows-amd64)
# No core dump will be written. Minidumps are not enabled by default on client versions of Windows
#

---------------  S U M M A R Y ------------

Command Line: -ea -Dfile.encoding=UTF-8 -Dstdout.encoding=UTF-8 -Dstderr.encoding=UTF-8 -XX:+ShowCodeDetailsInExceptionMessages org.testng.remote.RemoteTestNG -serport 61234 -protocol json -d C:\Users\yoges\remote_workspace2\FlipkartExcel\test-output C:\Users\yoges\remote_workspace2\FlipkartExcel\testng.xml

Host: AMD Ryzen 7 4800H with Radeon Graphics         , 16 cores, 7G,  Windows 11 , 64 bit Build 22621 (10.0.22621.3958)
Time: Mon Nov  4 01:17:58 2024 India Standard Time elapsed time: 15.194801 seconds (0d 0h 0m 15s)

---------------  T H R E A D  ---------------

Current thread (0x0000017b39e3e270):  JavaThread "C2 CompilerThread0" daemon [_thread_in_native, id=59036, stack(0x0000000251f00000,0x0000000252000000)]


Current CompileTask:
C2:  15195 3490       4       sun.util.locale.provider.LocaleResources::getTimeZoneNames (316 bytes)

Stack: [0x0000000251f00000,0x0000000252000000]
Native frames: (J=compiled Java code, j=interpreted, Vv=VM code, C=native code)
V  [jvm.dll+0x677a5a]
V  [jvm.dll+0x7d8b2d]
V  [jvm.dll+0x7da48e]
V  [jvm.dll+0x7daaf3]
V  [jvm.dll+0x2455ff]
V  [jvm.dll+0xaaafb]
V  [jvm.dll+0xab09c]
V  [jvm.dll+0xaac14]
V  [jvm.dll+0x6564ac]
V  [jvm.dll+0x21ed79]
V  [jvm.dll+0x69af41]
V  [jvm.dll+0x21faa7]
V  [jvm.dll+0x216a37]
V  [jvm.dll+0x1a3410]
V  [jvm.dll+0x226aeb]
V  [jvm.dll+0x224cab]
V  [jvm.dll+0x78e45c]
V  [jvm.dll+0x78888a]
V  [jvm.dll+0x676935]
C  [ucrtbase.dll+0x29333]
C  [KERNEL32.DLL+0x1257d]
C  [ntdll.dll+0x5af08]


---------------  P R O C E S S  ---------------

Threads class SMR info:
_java_thread_list=0x0000017b7f740920, length=59, elements={
0x0000017b1b6262a0, 0x0000017b39e1c2e0, 0x0000017b39e1dcb0, 0x0000017b39e30310,
0x0000017b39e31bf0, 0x0000017b39e348d0, 0x0000017b39e351a0, 0x0000017b39e3e270,
0x0000017b39e43090, 0x0000017b39e58170, 0x0000017b7f0e6ab0, 0x0000017b7f0faf60,
0x0000017b7f6363b0, 0x0000017b002d6d00, 0x0000017b000f49d0, 0x0000017b0034daa0,
0x0000017b00064370, 0x0000017b00064880, 0x0000017b00061af0, 0x0000017b00062a20,
0x0000017b00063440, 0x0000017b00062510, 0x0000017b000610d0, 0x0000017b00062000,
0x0000017b000615e0, 0x0000017b01268570, 0x0000017b0126efc0, 0x0000017b0126b300,
0x0000017b0126f4d0, 0x0000017b0126c230, 0x0000017b0126a3d0, 0x0000017b0126eab0,
0x0000017b0126a8e0, 0x0000017b0126c740, 0x0000017b0126e5a0, 0x0000017b0126e090,
0x0000017b0126cc50, 0x0000017b01268060, 0x0000017b0126f9e0, 0x0000017b01268a80,
0x0000017b01268f90, 0x0000017b0126adf0, 0x0000017b0126b810, 0x0000017b012699b0,
0x0000017b012694a0, 0x0000017b0126bd20, 0x0000017b0126db80, 0x0000017b0126d160,
0x0000017b0126d670, 0x0000017b7f739700, 0x0000017b7f7391f0, 0x0000017b7f738ce0,
0x0000017b7f735a40, 0x0000017b7f7331c0, 0x0000017b7f737db0, 0x0000017b7f736460,
0x0000017b7f7336d0, 0x0000017b7f735f50, 0x0000017b7f7378a0
}

Java Threads: ( => current thread )
  0x0000017b1b6262a0 JavaThread "main" [_thread_blocked, id=59076, stack(0x0000000251200000,0x0000000251300000)]
  0x0000017b39e1c2e0 JavaThread "Reference Handler" daemon [_thread_blocked, id=59100, stack(0x0000000251900000,0x0000000251a00000)]
  0x0000017b39e1dcb0 JavaThread "Finalizer" daemon [_thread_blocked, id=59072, stack(0x0000000251a00000,0x0000000251b00000)]
  0x0000017b39e30310 JavaThread "Signal Dispatcher" daemon [_thread_blocked, id=59108, stack(0x0000000251b00000,0x0000000251c00000)]
  0x0000017b39e31bf0 JavaThread "Attach Listener" daemon [_thread_blocked, id=58380, stack(0x0000000251c00000,0x0000000251d00000)]
  0x0000017b39e348d0 JavaThread "Service Thread" daemon [_thread_blocked, id=59064, stack(0x0000000251d00000,0x0000000251e00000)]
  0x0000017b39e351a0 JavaThread "Monitor Deflation Thread" daemon [_thread_blocked, id=59052, stack(0x0000000251e00000,0x0000000251f00000)]
=>0x0000017b39e3e270 JavaThread "C2 CompilerThread0" daemon [_thread_in_native, id=59036, stack(0x0000000251f00000,0x0000000252000000)]
  0x0000017b39e43090 JavaThread "C1 CompilerThread0" daemon [_thread_blocked, id=59324, stack(0x0000000252000000,0x0000000252100000)]
  0x0000017b39e58170 JavaThread "Sweeper thread" daemon [_thread_blocked, id=48748, stack(0x0000000252100000,0x0000000252200000)]
  0x0000017b7f0e6ab0 JavaThread "Notification Thread" daemon [_thread_blocked, id=59004, stack(0x0000000252400000,0x0000000252500000)]
  0x0000017b7f0faf60 JavaThread "Common-Cleaner" daemon [_thread_blocked, id=58140, stack(0x0000000252600000,0x0000000252700000)]
  0x0000017b7f6363b0 JavaThread "ReaderThread" [_thread_in_native, id=59212, stack(0x0000000252800000,0x0000000252900000)]
  0x0000017b002d6d00 JavaThread "TestNG-tests-1" [_thread_blocked, id=51212, stack(0x0000000252f00000,0x0000000253000000)]
  0x0000017b000f49d0 JavaThread "Forwarding sendKeysToElement on session 1270cb2cf5f859bcd0e48f6a8a566f14 to remote" [_thread_blocked, id=56980, stack(0x0000000253000000,0x0000000253100000)]
  0x0000017b0034daa0 JavaThread "TestNG-tests-3" [_thread_blocked, id=58192, stack(0x0000000253100000,0x0000000253200000)]
  0x0000017b00064370 JavaThread "ForkJoinPool.commonPool-worker-1" daemon [_thread_blocked, id=56564, stack(0x0000000253800000,0x0000000253900000)]
  0x0000017b00064880 JavaThread "HttpClient-3-SelectorManager" daemon [_thread_in_native, id=55716, stack(0x0000000253900000,0x0000000253a00000)]
  0x0000017b00061af0 JavaThread "HttpClient-2-SelectorManager" daemon [_thread_in_native, id=56924, stack(0x0000000253a00000,0x0000000253b00000)]
  0x0000017b00062a20 JavaThread "HttpClient-1-SelectorManager" daemon [_thread_in_native, id=3436, stack(0x0000000253b00000,0x0000000253c00000)]
  0x0000017b00063440 JavaThread "External Process Output Forwarder - C:\Users\yoges\.cache\selenium\chromedriver\win64\130.0.6723.91\chromedriver.exe" daemon [_thread_in_native, id=49300, stack(0x0000000253c00000,0x0000000253d00000)]
  0x0000017b00062510 JavaThread "External Process Output Forwarder - C:\Users\yoges\.cache\selenium\geckodriver\win64\0.35.0\geckodriver.exe" daemon [_thread_in_native, id=54068, stack(0x0000000253d00000,0x0000000253e00000)]
  0x0000017b000610d0 JavaThread "Driver Service Executor" daemon [_thread_blocked, id=46424, stack(0x0000000253e00000,0x0000000253f00000)]
  0x0000017b00062000 JavaThread "Driver Service Executor" daemon [_thread_blocked, id=58944, stack(0x0000000253f00000,0x0000000254000000)]
  0x0000017b000615e0 JavaThread "Driver Service Executor" daemon [_thread_in_native, id=50284, stack(0x0000000254000000,0x0000000254100000)]
  0x0000017b01268570 JavaThread "Driver Service Executor" daemon [_thread_in_native, id=55036, stack(0x0000000254100000,0x0000000254200000)]
  0x0000017b0126efc0 JavaThread "UrlChecker-2" daemon [_thread_blocked, id=40480, stack(0x0000000254200000,0x0000000254300000)]
  0x0000017b0126b300 JavaThread "External Process Output Forwarder - C:\Users\yoges\.cache\selenium\msedgedriver\win64\130.0.2849.68\msedgedriver.exe" daemon [_thread_in_native, id=31936, stack(0x0000000254300000,0x0000000254400000)]
  0x0000017b0126f4d0 JavaThread "Driver Service Executor" daemon [_thread_blocked, id=50440, stack(0x0000000254400000,0x0000000254500000)]
  0x0000017b0126c230 JavaThread "Driver Service Executor" daemon [_thread_in_native, id=57236, stack(0x0000000254500000,0x0000000254600000)]
  0x0000017b0126a3d0 JavaThread "UrlChecker-3" daemon [_thread_blocked, id=51952, stack(0x0000000254600000,0x0000000254700000)]
  0x0000017b0126eab0 JavaThread "JdkHttpClient-2-0" daemon [_thread_blocked, id=58924, stack(0x0000000254800000,0x0000000254900000)]
  0x0000017b0126a8e0 JavaThread "JdkHttpClient-1-0" daemon [_thread_blocked, id=56956, stack(0x0000000254900000,0x0000000254a00000)]
  0x0000017b0126c740 JavaThread "CompletableFutureDelayScheduler" daemon [_thread_blocked, id=58988, stack(0x0000000254a00000,0x0000000254b00000)]
  0x0000017b0126e5a0 JavaThread "JdkHttpClient-1-1" daemon [_thread_blocked, id=59032, stack(0x0000000254b00000,0x0000000254c00000)]
  0x0000017b0126e090 JavaThread "JdkHttpClient-2-1" daemon [_thread_blocked, id=59068, stack(0x0000000254c00000,0x0000000254d00000)]
  0x0000017b0126cc50 JavaThread "JdkHttpClient-2-2" daemon [_thread_blocked, id=58420, stack(0x0000000254d00000,0x0000000254e00000)]
  0x0000017b01268060 JavaThread "JdkHttpClient-1-2" daemon [_thread_blocked, id=59308, stack(0x0000000254e00000,0x0000000254f00000)]
  0x0000017b0126f9e0 JavaThread "JdkHttpClient-2-3" daemon [_thread_blocked, id=50552, stack(0x0000000254f00000,0x0000000255000000)]
  0x0000017b01268a80 JavaThread "JdkHttpClient-1-3" daemon [_thread_blocked, id=58744, stack(0x0000000255000000,0x0000000255100000)]
  0x0000017b01268f90 JavaThread "HttpClient-4-SelectorManager" daemon [_thread_in_native, id=59616, stack(0x0000000252200000,0x0000000252300000)]
  0x0000017b0126adf0 JavaThread "JdkHttpClient-3-0" daemon [_thread_blocked, id=59620, stack(0x0000000252300000,0x0000000252400000)]
  0x0000017b0126b810 JavaThread "JdkHttpClient-3-1" daemon [_thread_blocked, id=59624, stack(0x0000000255100000,0x0000000255200000)]
  0x0000017b012699b0 JavaThread "JdkHttpClient-3-2" daemon [_thread_blocked, id=59628, stack(0x0000000255200000,0x0000000255300000)]
  0x0000017b012694a0 JavaThread "JdkHttpClient-3-3" daemon [_thread_blocked, id=59632, stack(0x0000000255300000,0x0000000255400000)]
  0x0000017b0126bd20 JavaThread "JdkHttpClient-0-0" daemon [_thread_blocked, id=59636, stack(0x0000000255400000,0x0000000255500000)]
  0x0000017b0126db80 JavaThread "JdkHttpClient-0-1" daemon [_thread_blocked, id=59640, stack(0x0000000255500000,0x0000000255600000)]
  0x0000017b0126d160 JavaThread "JdkHttpClient-0-2" daemon [_thread_blocked, id=59644, stack(0x0000000255600000,0x0000000255700000)]
  0x0000017b0126d670 JavaThread "JdkHttpClient-0-3" daemon [_thread_blocked, id=59648, stack(0x0000000255700000,0x0000000255800000)]
  0x0000017b7f739700 JavaThread "HttpClient-5-SelectorManager" daemon [_thread_in_native, id=60956, stack(0x0000000255800000,0x0000000255900000)]
  0x0000017b7f7391f0 JavaThread "JdkHttpClient-4-0" daemon [_thread_blocked, id=60960, stack(0x0000000255900000,0x0000000255a00000)]
  0x0000017b7f738ce0 JavaThread "JdkHttpClient-4-1" daemon [_thread_blocked, id=60964, stack(0x0000000255a00000,0x0000000255b00000)]
  0x0000017b7f735a40 JavaThread "JdkHttpClient-4-2" daemon [_thread_blocked, id=60968, stack(0x0000000255b00000,0x0000000255c00000)]
  0x0000017b7f7331c0 JavaThread "JdkHttpClient-4-3" daemon [_thread_blocked, id=60972, stack(0x0000000255c00000,0x0000000255d00000)]
  0x0000017b7f737db0 JavaThread "HttpClient-6-SelectorManager" daemon [_thread_in_native, id=60888, stack(0x0000000254700000,0x0000000254800000)]
  0x0000017b7f736460 JavaThread "JdkHttpClient-5-0" daemon [_thread_blocked, id=60736, stack(0x0000000255d00000,0x0000000255e00000)]
  0x0000017b7f7336d0 JavaThread "JdkHttpClient-5-1" daemon [_thread_blocked, id=60924, stack(0x0000000255e00000,0x0000000255f00000)]
  0x0000017b7f735f50 JavaThread "JdkHttpClient-5-2" daemon [_thread_blocked, id=55652, stack(0x0000000255f00000,0x0000000256000000)]
  0x0000017b7f7378a0 JavaThread "JdkHttpClient-5-3" daemon [_thread_blocked, id=58748, stack(0x0000000256000000,0x0000000256100000)]

Other Threads:
  0x0000017b39e18940 VMThread "VM Thread" [stack: 0x0000000251800000,0x0000000251900000] [id=59092]
  0x0000017b1b6a0e10 WatcherThread [stack: 0x0000000252500000,0x0000000252600000] [id=47748]
  0x0000017b1b67d920 GCTaskThread "GC Thread#0" [stack: 0x0000000251300000,0x0000000251400000] [id=59008]
  0x0000017b000521b0 GCTaskThread "GC Thread#1" [stack: 0x0000000252900000,0x0000000252a00000] [id=48216]
  0x0000017b0034f2b0 GCTaskThread "GC Thread#2" [stack: 0x0000000252a00000,0x0000000252b00000] [id=55312]
  0x0000017b001de7c0 GCTaskThread "GC Thread#3" [stack: 0x0000000252b00000,0x0000000252c00000] [id=58108]
  0x0000017b001a6010 GCTaskThread "GC Thread#4" [stack: 0x0000000252c00000,0x0000000252d00000] [id=58604]
  0x0000017b001015f0 GCTaskThread "GC Thread#5" [stack: 0x0000000252d00000,0x0000000252e00000] [id=58416]
  0x0000017b001dd6c0 GCTaskThread "GC Thread#6" [stack: 0x0000000252e00000,0x0000000252f00000] [id=34704]
  0x0000017b00414280 GCTaskThread "GC Thread#7" [stack: 0x0000000253200000,0x0000000253300000] [id=54912]
  0x0000017b00e37930 GCTaskThread "GC Thread#8" [stack: 0x0000000253300000,0x0000000253400000] [id=56656]
  0x0000017b002a4250 GCTaskThread "GC Thread#9" [stack: 0x0000000253400000,0x0000000253500000] [id=58840]
  0x0000017b00e3db10 GCTaskThread "GC Thread#10" [stack: 0x0000000253500000,0x0000000253600000] [id=55284]
  0x0000017b00c8a450 GCTaskThread "GC Thread#11" [stack: 0x0000000253600000,0x0000000253700000] [id=48660]
  0x0000017b001d5360 GCTaskThread "GC Thread#12" [stack: 0x0000000253700000,0x0000000253800000] [id=58136]
  0x0000017b1b68d4f0 ConcurrentGCThread "G1 Main Marker" [stack: 0x0000000251400000,0x0000000251500000] [id=59060]
  0x0000017b1b6905c0 ConcurrentGCThread "G1 Conc#0" [stack: 0x0000000251500000,0x0000000251600000] [id=57956]
  0x0000017b39cd2510 ConcurrentGCThread "G1 Refine#0" [stack: 0x0000000251600000,0x0000000251700000] [id=57952]
  0x0000017b1b6deb10 ConcurrentGCThread "G1 Service" [stack: 0x0000000251700000,0x0000000251800000] [id=58424]

Threads with active compile tasks:
C2 CompilerThread0    15283 3490       4       sun.util.locale.provider.LocaleResources::getTimeZoneNames (316 bytes)

VM state: not at safepoint (normal execution)

VM Mutex/Monitor currently owned by a thread: None

Heap address: 0x0000000089400000, size: 1900 MB, Compressed Oops mode: 32-bit

CDS archive(s) mapped at: [0x0000017b3a000000-0x0000017b3abd0000-0x0000017b3abd0000), size 12386304, SharedBaseAddress: 0x0000017b3a000000, ArchiveRelocationMode: 1.
Compressed class space mapped at: 0x0000017b3b000000-0x0000017b7b000000, reserved size: 1073741824
Narrow klass base: 0x0000017b3a000000, Narrow klass shift: 0, Narrow klass range: 0x100000000

GC Precious Log:
 CPUs: 16 total, 16 available
 Memory: 7598M
 Large Page Support: Disabled
 NUMA Support: Disabled
 Compressed Oops: Enabled (32-bit)
 Heap Region Size: 1M
 Heap Min Capacity: 8M
 Heap Initial Capacity: 120M
 Heap Max Capacity: 1900M
 Pre-touch: Disabled
 Parallel Workers: 13
 Concurrent Workers: 3
 Concurrent Refinement Workers: 13
 Periodic GC: Disabled

Heap:
 garbage-first heap   total 122880K, used 24463K [0x0000000089400000, 0x0000000100000000)
  region size 1024K, 16 young (16384K), 9 survivors (9216K)
 Metaspace       used 20513K, committed 20928K, reserved 1114112K
  class space    used 2554K, committed 2752K, reserved 1048576K

Heap Regions: E=young(eden), S=young(survivor), O=old, HS=humongous(starts), HC=humongous(continues), CS=collection set, F=free, OA=open archive, CA=closed archive, TAMS=top-at-mark-start (previous, next)
|   0|0x0000000089400000, 0x0000000089500000, 0x0000000089500000|100%|HS|  |TAMS 0x0000000089400000, 0x0000000089400000| Complete 
|   1|0x0000000089500000, 0x0000000089600000, 0x0000000089600000|100%| O|  |TAMS 0x0000000089500000, 0x0000000089500000| Untracked 
|   2|0x0000000089600000, 0x0000000089700000, 0x0000000089700000|100%| O|  |TAMS 0x0000000089600000, 0x0000000089600000| Untracked 
|   3|0x0000000089700000, 0x0000000089800000, 0x0000000089800000|100%| O|  |TAMS 0x0000000089700000, 0x0000000089700000| Untracked 
|   4|0x0000000089800000, 0x0000000089900000, 0x0000000089900000|100%| O|  |TAMS 0x0000000089800000, 0x0000000089800000| Untracked 
|   5|0x0000000089900000, 0x0000000089a00000, 0x0000000089a00000|100%| O|  |TAMS 0x0000000089900000, 0x0000000089900000| Untracked 
|   6|0x0000000089a00000, 0x0000000089b00000, 0x0000000089b00000|100%| O|  |TAMS 0x0000000089a00000, 0x0000000089a00000| Untracked 
|   7|0x0000000089b00000, 0x0000000089c00000, 0x0000000089c00000|100%| O|  |TAMS 0x0000000089b00000, 0x0000000089b00000| Untracked 
|   8|0x0000000089c00000, 0x0000000089ce3c00, 0x0000000089d00000| 88%| O|  |TAMS 0x0000000089c00000, 0x0000000089c00000| Untracked 
|   9|0x0000000089d00000, 0x0000000089d00000, 0x0000000089e00000|  0%| F|  |TAMS 0x0000000089d00000, 0x0000000089d00000| Untracked 
|  10|0x0000000089e00000, 0x0000000089e00000, 0x0000000089f00000|  0%| F|  |TAMS 0x0000000089e00000, 0x0000000089e00000| Untracked 
|  11|0x0000000089f00000, 0x0000000089f00000, 0x000000008a000000|  0%| F|  |TAMS 0x0000000089f00000, 0x0000000089f00000| Untracked 
|  12|0x000000008a000000, 0x000000008a000000, 0x000000008a100000|  0%| F|  |TAMS 0x000000008a000000, 0x000000008a000000| Untracked 
|  13|0x000000008a100000, 0x000000008a100000, 0x000000008a200000|  0%| F|  |TAMS 0x000000008a100000, 0x000000008a100000| Untracked 
|  14|0x000000008a200000, 0x000000008a200000, 0x000000008a300000|  0%| F|  |TAMS 0x000000008a200000, 0x000000008a200000| Untracked 
|  15|0x000000008a300000, 0x000000008a300000, 0x000000008a400000|  0%| F|  |TAMS 0x000000008a300000, 0x000000008a300000| Untracked 
|  16|0x000000008a400000, 0x000000008a400000, 0x000000008a500000|  0%| F|  |TAMS 0x000000008a400000, 0x000000008a400000| Untracked 
|  17|0x000000008a500000, 0x000000008a500000, 0x000000008a600000|  0%| F|  |TAMS 0x000000008a500000, 0x000000008a500000| Untracked 
|  18|0x000000008a600000, 0x000000008a600000, 0x000000008a700000|  0%| F|  |TAMS 0x000000008a600000, 0x000000008a600000| Untracked 
|  19|0x000000008a700000, 0x000000008a700000, 0x000000008a800000|  0%| F|  |TAMS 0x000000008a700000, 0x000000008a700000| Untracked 
|  20|0x000000008a800000, 0x000000008a800000, 0x000000008a900000|  0%| F|  |TAMS 0x000000008a800000, 0x000000008a800000| Untracked 
|  21|0x000000008a900000, 0x000000008a900000, 0x000000008aa00000|  0%| F|  |TAMS 0x000000008a900000, 0x000000008a900000| Untracked 
|  22|0x000000008aa00000, 0x000000008aa00000, 0x000000008ab00000|  0%| F|  |TAMS 0x000000008aa00000, 0x000000008aa00000| Untracked 
|  23|0x000000008ab00000, 0x000000008ab00000, 0x000000008ac00000|  0%| F|  |TAMS 0x000000008ab00000, 0x000000008ab00000| Untracked 
|  24|0x000000008ac00000, 0x000000008ac00000, 0x000000008ad00000|  0%| F|  |TAMS 0x000000008ac00000, 0x000000008ac00000| Untracked 
|  25|0x000000008ad00000, 0x000000008ad00000, 0x000000008ae00000|  0%| F|  |TAMS 0x000000008ad00000, 0x000000008ad00000| Untracked 
|  26|0x000000008ae00000, 0x000000008ae00000, 0x000000008af00000|  0%| F|  |TAMS 0x000000008ae00000, 0x000000008ae00000| Untracked 
|  27|0x000000008af00000, 0x000000008af00000, 0x000000008b000000|  0%| F|  |TAMS 0x000000008af00000, 0x000000008af00000| Untracked 
|  28|0x000000008b000000, 0x000000008b000000, 0x000000008b100000|  0%| F|  |TAMS 0x000000008b000000, 0x000000008b000000| Untracked 
|  29|0x000000008b100000, 0x000000008b100000, 0x000000008b200000|  0%| F|  |TAMS 0x000000008b100000, 0x000000008b100000| Untracked 
|  30|0x000000008b200000, 0x000000008b200000, 0x000000008b300000|  0%| F|  |TAMS 0x000000008b200000, 0x000000008b200000| Untracked 
|  31|0x000000008b300000, 0x000000008b300000, 0x000000008b400000|  0%| F|  |TAMS 0x000000008b300000, 0x000000008b300000| Untracked 
|  32|0x000000008b400000, 0x000000008b400000, 0x000000008b500000|  0%| F|  |TAMS 0x000000008b400000, 0x000000008b400000| Untracked 
|  33|0x000000008b500000, 0x000000008b500000, 0x000000008b600000|  0%| F|  |TAMS 0x000000008b500000, 0x000000008b500000| Untracked 
|  34|0x000000008b600000, 0x000000008b600000, 0x000000008b700000|  0%| F|  |TAMS 0x000000008b600000, 0x000000008b600000| Untracked 
|  35|0x000000008b700000, 0x000000008b700000, 0x000000008b800000|  0%| F|  |TAMS 0x000000008b700000, 0x000000008b700000| Untracked 
|  36|0x000000008b800000, 0x000000008b800000, 0x000000008b900000|  0%| F|  |TAMS 0x000000008b800000, 0x000000008b800000| Untracked 
|  37|0x000000008b900000, 0x000000008b900000, 0x000000008ba00000|  0%| F|  |TAMS 0x000000008b900000, 0x000000008b900000| Untracked 
|  38|0x000000008ba00000, 0x000000008ba00000, 0x000000008bb00000|  0%| F|  |TAMS 0x000000008ba00000, 0x000000008ba00000| Untracked 
|  39|0x000000008bb00000, 0x000000008bb00000, 0x000000008bc00000|  0%| F|  |TAMS 0x000000008bb00000, 0x000000008bb00000| Untracked 
|  40|0x000000008bc00000, 0x000000008bc00000, 0x000000008bd00000|  0%| F|  |TAMS 0x000000008bc00000, 0x000000008bc00000| Untracked 
|  41|0x000000008bd00000, 0x000000008bd00000, 0x000000008be00000|  0%| F|  |TAMS 0x000000008bd00000, 0x000000008bd00000| Untracked 
|  42|0x000000008be00000, 0x000000008bf00000, 0x000000008bf00000|100%| S|CS|TAMS 0x000000008be00000, 0x000000008be00000| Complete 
|  43|0x000000008bf00000, 0x000000008c000000, 0x000000008c000000|100%| S|CS|TAMS 0x000000008bf00000, 0x000000008bf00000| Complete 
|  44|0x000000008c000000, 0x000000008c100000, 0x000000008c100000|100%| S|CS|TAMS 0x000000008c000000, 0x000000008c000000| Complete 
|  45|0x000000008c100000, 0x000000008c200000, 0x000000008c200000|100%| S|CS|TAMS 0x000000008c100000, 0x000000008c100000| Complete 
|  46|0x000000008c200000, 0x000000008c300000, 0x000000008c300000|100%| S|CS|TAMS 0x000000008c200000, 0x000000008c200000| Complete 
|  47|0x000000008c300000, 0x000000008c400000, 0x000000008c400000|100%| S|CS|TAMS 0x000000008c300000, 0x000000008c300000| Complete 
|  48|0x000000008c400000, 0x000000008c500000, 0x000000008c500000|100%| S|CS|TAMS 0x000000008c400000, 0x000000008c400000| Complete 
|  49|0x000000008c500000, 0x000000008c600000, 0x000000008c600000|100%| S|CS|TAMS 0x000000008c500000, 0x000000008c500000| Complete 
|  50|0x000000008c600000, 0x000000008c700000, 0x000000008c700000|100%| S|CS|TAMS 0x000000008c600000, 0x000000008c600000| Complete 
|  51|0x000000008c700000, 0x000000008c700000, 0x000000008c800000|  0%| F|  |TAMS 0x000000008c700000, 0x000000008c700000| Untracked 
|  52|0x000000008c800000, 0x000000008c800000, 0x000000008c900000|  0%| F|  |TAMS 0x000000008c800000, 0x000000008c800000| Untracked 
|  53|0x000000008c900000, 0x000000008c900000, 0x000000008ca00000|  0%| F|  |TAMS 0x000000008c900000, 0x000000008c900000| Untracked 
|  54|0x000000008ca00000, 0x000000008ca00000, 0x000000008cb00000|  0%| F|  |TAMS 0x000000008ca00000, 0x000000008ca00000| Untracked 
|  55|0x000000008cb00000, 0x000000008cb00000, 0x000000008cc00000|  0%| F|  |TAMS 0x000000008cb00000, 0x000000008cb00000| Untracked 
|  56|0x000000008cc00000, 0x000000008cc00000, 0x000000008cd00000|  0%| F|  |TAMS 0x000000008cc00000, 0x000000008cc00000| Untracked 
|  57|0x000000008cd00000, 0x000000008cd00000, 0x000000008ce00000|  0%| F|  |TAMS 0x000000008cd00000, 0x000000008cd00000| Untracked 
|  58|0x000000008ce00000, 0x000000008ce00000, 0x000000008cf00000|  0%| F|  |TAMS 0x000000008ce00000, 0x000000008ce00000| Untracked 
|  59|0x000000008cf00000, 0x000000008cf00000, 0x000000008d000000|  0%| F|  |TAMS 0x000000008cf00000, 0x000000008cf00000| Untracked 
|  60|0x000000008d000000, 0x000000008d000000, 0x000000008d100000|  0%| F|  |TAMS 0x000000008d000000, 0x000000008d000000| Untracked 
|  61|0x000000008d100000, 0x000000008d100000, 0x000000008d200000|  0%| F|  |TAMS 0x000000008d100000, 0x000000008d100000| Untracked 
|  62|0x000000008d200000, 0x000000008d200000, 0x000000008d300000|  0%| F|  |TAMS 0x000000008d200000, 0x000000008d200000| Untracked 
|  63|0x000000008d300000, 0x000000008d300000, 0x000000008d400000|  0%| F|  |TAMS 0x000000008d300000, 0x000000008d300000| Untracked 
|  64|0x000000008d400000, 0x000000008d400000, 0x000000008d500000|  0%| F|  |TAMS 0x000000008d400000, 0x000000008d400000| Untracked 
|  65|0x000000008d500000, 0x000000008d500000, 0x000000008d600000|  0%| F|  |TAMS 0x000000008d500000, 0x000000008d500000| Untracked 
|  66|0x000000008d600000, 0x000000008d600000, 0x000000008d700000|  0%| F|  |TAMS 0x000000008d600000, 0x000000008d600000| Untracked 
|  67|0x000000008d700000, 0x000000008d700000, 0x000000008d800000|  0%| F|  |TAMS 0x000000008d700000, 0x000000008d700000| Untracked 
|  68|0x000000008d800000, 0x000000008d800000, 0x000000008d900000|  0%| F|  |TAMS 0x000000008d800000, 0x000000008d800000| Untracked 
|  69|0x000000008d900000, 0x000000008d900000, 0x000000008da00000|  0%| F|  |TAMS 0x000000008d900000, 0x000000008d900000| Untracked 
|  70|0x000000008da00000, 0x000000008da00000, 0x000000008db00000|  0%| F|  |TAMS 0x000000008da00000, 0x000000008da00000| Untracked 
|  71|0x000000008db00000, 0x000000008db00000, 0x000000008dc00000|  0%| F|  |TAMS 0x000000008db00000, 0x000000008db00000| Untracked 
|  72|0x000000008dc00000, 0x000000008dc00000, 0x000000008dd00000|  0%| F|  |TAMS 0x000000008dc00000, 0x000000008dc00000| Untracked 
|  73|0x000000008dd00000, 0x000000008dd00000, 0x000000008de00000|  0%| F|  |TAMS 0x000000008dd00000, 0x000000008dd00000| Untracked 
|  74|0x000000008de00000, 0x000000008de00000, 0x000000008df00000|  0%| F|  |TAMS 0x000000008de00000, 0x000000008de00000| Untracked 
|  75|0x000000008df00000, 0x000000008df00000, 0x000000008e000000|  0%| F|  |TAMS 0x000000008df00000, 0x000000008df00000| Untracked 
|  76|0x000000008e000000, 0x000000008e000000, 0x000000008e100000|  0%| F|  |TAMS 0x000000008e000000, 0x000000008e000000| Untracked 
|  77|0x000000008e100000, 0x000000008e100000, 0x000000008e200000|  0%| F|  |TAMS 0x000000008e100000, 0x000000008e100000| Untracked 
|  78|0x000000008e200000, 0x000000008e200000, 0x000000008e300000|  0%| F|  |TAMS 0x000000008e200000, 0x000000008e200000| Untracked 
|  79|0x000000008e300000, 0x000000008e300000, 0x000000008e400000|  0%| F|  |TAMS 0x000000008e300000, 0x000000008e300000| Untracked 
|  80|0x000000008e400000, 0x000000008e400000, 0x000000008e500000|  0%| F|  |TAMS 0x000000008e400000, 0x000000008e400000| Untracked 
|  81|0x000000008e500000, 0x000000008e500000, 0x000000008e600000|  0%| F|  |TAMS 0x000000008e500000, 0x000000008e500000| Untracked 
|  82|0x000000008e600000, 0x000000008e600000, 0x000000008e700000|  0%| F|  |TAMS 0x000000008e600000, 0x000000008e600000| Untracked 
|  83|0x000000008e700000, 0x000000008e700000, 0x000000008e800000|  0%| F|  |TAMS 0x000000008e700000, 0x000000008e700000| Untracked 
|  84|0x000000008e800000, 0x000000008e800000, 0x000000008e900000|  0%| F|  |TAMS 0x000000008e800000, 0x000000008e800000| Untracked 
|  85|0x000000008e900000, 0x000000008e900000, 0x000000008ea00000|  0%| F|  |TAMS 0x000000008e900000, 0x000000008e900000| Untracked 
|  86|0x000000008ea00000, 0x000000008ea00000, 0x000000008eb00000|  0%| F|  |TAMS 0x000000008ea00000, 0x000000008ea00000| Untracked 
|  87|0x000000008eb00000, 0x000000008eb00000, 0x000000008ec00000|  0%| F|  |TAMS 0x000000008eb00000, 0x000000008eb00000| Untracked 
|  88|0x000000008ec00000, 0x000000008ec00000, 0x000000008ed00000|  0%| F|  |TAMS 0x000000008ec00000, 0x000000008ec00000| Untracked 
|  89|0x000000008ed00000, 0x000000008ed00000, 0x000000008ee00000|  0%| F|  |TAMS 0x000000008ed00000, 0x000000008ed00000| Untracked 
|  90|0x000000008ee00000, 0x000000008ee00000, 0x000000008ef00000|  0%| F|  |TAMS 0x000000008ee00000, 0x000000008ee00000| Untracked 
|  91|0x000000008ef00000, 0x000000008ef00000, 0x000000008f000000|  0%| F|  |TAMS 0x000000008ef00000, 0x000000008ef00000| Untracked 
|  92|0x000000008f000000, 0x000000008f000000, 0x000000008f100000|  0%| F|  |TAMS 0x000000008f000000, 0x000000008f000000| Untracked 
|  93|0x000000008f100000, 0x000000008f100000, 0x000000008f200000|  0%| F|  |TAMS 0x000000008f100000, 0x000000008f100000| Untracked 
|  94|0x000000008f200000, 0x000000008f200000, 0x000000008f300000|  0%| F|  |TAMS 0x000000008f200000, 0x000000008f200000| Untracked 
|  95|0x000000008f300000, 0x000000008f300000, 0x000000008f400000|  0%| F|  |TAMS 0x000000008f300000, 0x000000008f300000| Untracked 
|  96|0x000000008f400000, 0x000000008f400000, 0x000000008f500000|  0%| F|  |TAMS 0x000000008f400000, 0x000000008f400000| Untracked 
|  97|0x000000008f500000, 0x000000008f500000, 0x000000008f600000|  0%| F|  |TAMS 0x000000008f500000, 0x000000008f500000| Untracked 
|  98|0x000000008f600000, 0x000000008f600000, 0x000000008f700000|  0%| F|  |TAMS 0x000000008f600000, 0x000000008f600000| Untracked 
|  99|0x000000008f700000, 0x000000008f700000, 0x000000008f800000|  0%| F|  |TAMS 0x000000008f700000, 0x000000008f700000| Untracked 
| 100|0x000000008f800000, 0x000000008f800000, 0x000000008f900000|  0%| F|  |TAMS 0x000000008f800000, 0x000000008f800000| Untracked 
| 101|0x000000008f900000, 0x000000008f900000, 0x000000008fa00000|  0%| F|  |TAMS 0x000000008f900000, 0x000000008f900000| Untracked 
| 102|0x000000008fa00000, 0x000000008fa00000, 0x000000008fb00000|  0%| F|  |TAMS 0x000000008fa00000, 0x000000008fa00000| Untracked 
| 103|0x000000008fb00000, 0x000000008fb00000, 0x000000008fc00000|  0%| F|  |TAMS 0x000000008fb00000, 0x000000008fb00000| Untracked 
| 104|0x000000008fc00000, 0x000000008fc00000, 0x000000008fd00000|  0%| F|  |TAMS 0x000000008fc00000, 0x000000008fc00000| Untracked 
| 105|0x000000008fd00000, 0x000000008fd00000, 0x000000008fe00000|  0%| F|  |TAMS 0x000000008fd00000, 0x000000008fd00000| Untracked 
| 106|0x000000008fe00000, 0x000000008fe00000, 0x000000008ff00000|  0%| F|  |TAMS 0x000000008fe00000, 0x000000008fe00000| Untracked 
| 107|0x000000008ff00000, 0x000000008ff00000, 0x0000000090000000|  0%| F|  |TAMS 0x000000008ff00000, 0x000000008ff00000| Untracked 
| 108|0x0000000090000000, 0x0000000090000000, 0x0000000090100000|  0%| F|  |TAMS 0x0000000090000000, 0x0000000090000000| Untracked 
| 109|0x0000000090100000, 0x0000000090100000, 0x0000000090200000|  0%| F|  |TAMS 0x0000000090100000, 0x0000000090100000| Untracked 
| 110|0x0000000090200000, 0x0000000090200000, 0x0000000090300000|  0%| F|  |TAMS 0x0000000090200000, 0x0000000090200000| Untracked 
| 111|0x0000000090300000, 0x0000000090300000, 0x0000000090400000|  0%| F|  |TAMS 0x0000000090300000, 0x0000000090300000| Untracked 
| 112|0x0000000090400000, 0x0000000090400000, 0x0000000090500000|  0%| F|  |TAMS 0x0000000090400000, 0x0000000090400000| Untracked 
| 113|0x0000000090500000, 0x0000000090600000, 0x0000000090600000|100%| E|  |TAMS 0x0000000090500000, 0x0000000090500000| Complete 
| 114|0x0000000090600000, 0x0000000090700000, 0x0000000090700000|100%| E|CS|TAMS 0x0000000090600000, 0x0000000090600000| Complete 
| 115|0x0000000090700000, 0x0000000090800000, 0x0000000090800000|100%| E|CS|TAMS 0x0000000090700000, 0x0000000090700000| Complete 
| 116|0x0000000090800000, 0x0000000090900000, 0x0000000090900000|100%| E|CS|TAMS 0x0000000090800000, 0x0000000090800000| Complete 
| 117|0x0000000090900000, 0x0000000090a00000, 0x0000000090a00000|100%| E|CS|TAMS 0x0000000090900000, 0x0000000090900000| Complete 
| 118|0x0000000090a00000, 0x0000000090b00000, 0x0000000090b00000|100%| E|CS|TAMS 0x0000000090a00000, 0x0000000090a00000| Complete 
| 119|0x0000000090b00000, 0x0000000090c00000, 0x0000000090c00000|100%| E|CS|TAMS 0x0000000090b00000, 0x0000000090b00000| Complete 

Card table byte_map: [0x0000017b32b10000,0x0000017b32ed0000] _byte_map_base: 0x0000017b326c6000

Marking Bits (Prev, Next): (CMBitMap*) 0x0000017b1b67de40, (CMBitMap*) 0x0000017b1b67de80
 Prev Bits: [0x0000017b33290000, 0x0000017b35040000)
 Next Bits: [0x0000017b35040000, 0x0000017b36df0000)

Polling page: 0x0000017b19620000

Metaspace:

Usage:
  Non-class:     17.54 MB used.
      Class:      2.49 MB used.
       Both:     20.03 MB used.

Virtual space:
  Non-class space:       64.00 MB reserved,      17.75 MB ( 28%) committed,  1 nodes.
      Class space:        1.00 GB reserved,       2.69 MB ( <1%) committed,  1 nodes.
             Both:        1.06 GB reserved,      20.44 MB (  2%) committed. 

Chunk freelists:
   Non-Class:  13.44 MB
       Class:  13.17 MB
        Both:  26.61 MB

MaxMetaspaceSize: unlimited
CompressedClassSpaceSize: 1.00 GB
Initial GC threshold: 21.00 MB
Current GC threshold: 21.00 MB
CDS: on
MetaspaceReclaimPolicy: balanced
 - commit_granule_bytes: 65536.
 - commit_granule_words: 8192.
 - virtual_space_node_default_size: 8388608.
 - enlarge_chunks_in_place: 1.
 - new_chunks_are_fully_committed: 0.
 - uncommit_free_chunks: 1.
 - use_allocation_guard: 0.
 - handle_deallocations: 1.


Internal statistics:

num_allocs_failed_limit: 0.
num_arena_births: 528.
num_arena_deaths: 0.
num_vsnodes_births: 2.
num_vsnodes_deaths: 0.
num_space_committed: 327.
num_space_uncommitted: 0.
num_chunks_returned_to_freelist: 0.
num_chunks_taken_from_freelist: 1180.
num_chunk_merges: 0.
num_chunk_splits: 693.
num_chunks_enlarged: 369.
num_inconsistent_stats: 0.

CodeHeap 'non-profiled nmethods': size=119168Kb used=1279Kb max_used=1279Kb free=117888Kb
 bounds [0x0000017b2aa60000, 0x0000017b2acd0000, 0x0000017b31ec0000]
CodeHeap 'profiled nmethods': size=119104Kb used=6992Kb max_used=6992Kb free=112111Kb
 bounds [0x0000017b22ec0000, 0x0000017b235a0000, 0x0000017b2a310000]
CodeHeap 'non-nmethods': size=7488Kb used=1251Kb max_used=2391Kb free=6236Kb
 bounds [0x0000017b2a310000, 0x0000017b2a580000, 0x0000017b2aa60000]
 total_blobs=4047 nmethods=3487 adapters=472
 compilation: enabled
              stopped_count=0, restarted_count=0
 full_count=0

Compilation events (20 events):
Event: 15.119 Thread 0x0000017b39e43090 nmethod 3482 0x0000017b23590010 code [0x0000017b235901c0, 0x0000017b23590528]
Event: 15.119 Thread 0x0000017b39e43090 3483       3       java.util.regex.Pattern$CharPredicate::lambda$negate$3 (16 bytes)
Event: 15.120 Thread 0x0000017b39e43090 nmethod 3483 0x0000017b23590610 code [0x0000017b235907c0, 0x0000017b235909e8]
Event: 15.120 Thread 0x0000017b39e43090 3484       3       java.util.regex.Pattern$CharProperty::match (71 bytes)
Event: 15.120 Thread 0x0000017b39e43090 nmethod 3484 0x0000017b23590a90 code [0x0000017b23590c80, 0x0000017b235911a8]
Event: 15.120 Thread 0x0000017b39e43090 3485       3       java.util.regex.Pattern$CharPredicate$$Lambda$916/0x0000017b3b24db88::is (15 bytes)
Event: 15.120 Thread 0x0000017b39e43090 nmethod 3485 0x0000017b23591310 code [0x0000017b235914e0, 0x0000017b23591978]
Event: 15.120 Thread 0x0000017b39e43090 3486       3       java.util.regex.Pattern$CharPredicate::lambda$union$1 (26 bytes)
Event: 15.120 Thread 0x0000017b39e43090 nmethod 3486 0x0000017b23591b10 code [0x0000017b23591cc0, 0x0000017b23591ff8]
Event: 15.120 Thread 0x0000017b39e43090 3487       3       java.util.regex.Pattern$BmpCharPredicate$$Lambda$915/0x0000017b3b24d928::is (15 bytes)
Event: 15.121 Thread 0x0000017b39e43090 nmethod 3487 0x0000017b23592110 code [0x0000017b235922e0, 0x0000017b23592778]
Event: 15.121 Thread 0x0000017b39e43090 3488       3       java.util.regex.Pattern$BmpCharPredicate::lambda$union$3 (26 bytes)
Event: 15.121 Thread 0x0000017b39e43090 nmethod 3488 0x0000017b23592910 code [0x0000017b23592ac0, 0x0000017b23592df8]
Event: 15.141 Thread 0x0000017b39e43090 3489       3       java.util.concurrent.ConcurrentHashMap::<init> (5 bytes)
Event: 15.142 Thread 0x0000017b39e43090 nmethod 3489 0x0000017b23592f10 code [0x0000017b235930c0, 0x0000017b23593278]
Event: 15.143 Thread 0x0000017b39e3e270 3490       4       sun.util.locale.provider.LocaleResources::getTimeZoneNames (316 bytes)
Event: 15.185 Thread 0x0000017b39e43090 3492       3       java.util.concurrent.ConcurrentHashMap$Traverser::<init> (36 bytes)
Event: 15.185 Thread 0x0000017b39e43090 nmethod 3492 0x0000017b23593390 code [0x0000017b23593520, 0x0000017b23593718]
Event: 15.188 Thread 0x0000017b39e43090 3493       3       java.util.HashMap$KeySpliterator::<init> (12 bytes)
Event: 15.188 Thread 0x0000017b39e43090 nmethod 3493 0x0000017b23593810 code [0x0000017b235939c0, 0x0000017b23593bf8]

GC Heap History (6 events):
Event: 0.832 GC heap before
{Heap before GC invocations=0 (full 0):
 garbage-first heap   total 122880K, used 24576K [0x0000000089400000, 0x0000000100000000)
  region size 1024K, 23 young (23552K), 0 survivors (0K)
 Metaspace       used 7191K, committed 7424K, reserved 1114112K
  class space    used 822K, committed 960K, reserved 1048576K
}
Event: 0.839 GC heap after
{Heap after GC invocations=1 (full 0):
 garbage-first heap   total 122880K, used 8085K [0x0000000089400000, 0x0000000100000000)
  region size 1024K, 3 young (3072K), 3 survivors (3072K)
 Metaspace       used 7191K, committed 7424K, reserved 1114112K
  class space    used 822K, committed 960K, reserved 1048576K
}
Event: 1.386 GC heap before
{Heap before GC invocations=1 (full 0):
 garbage-first heap   total 122880K, used 35733K [0x0000000089400000, 0x0000000100000000)
  region size 1024K, 30 young (30720K), 3 survivors (3072K)
 Metaspace       used 12782K, committed 13120K, reserved 1114112K
  class space    used 1482K, committed 1664K, reserved 1048576K
}
Event: 1.394 GC heap after
{Heap after GC invocations=2 (full 0):
 garbage-first heap   total 122880K, used 12723K [0x0000000089400000, 0x0000000100000000)
  region size 1024K, 4 young (4096K), 4 survivors (4096K)
 Metaspace       used 12782K, committed 13120K, reserved 1114112K
  class space    used 1482K, committed 1664K, reserved 1048576K
}
Event: 6.839 GC heap before
{Heap before GC invocations=2 (full 0):
 garbage-first heap   total 122880K, used 79283K [0x0000000089400000, 0x0000000100000000)
  region size 1024K, 69 young (70656K), 4 survivors (4096K)
 Metaspace       used 20015K, committed 20416K, reserved 1114112K
  class space    used 2490K, committed 2688K, reserved 1048576K
}
Event: 6.849 GC heap after
{Heap after GC invocations=3 (full 0):
 garbage-first heap   total 122880K, used 18319K [0x0000000089400000, 0x0000000100000000)
  region size 1024K, 9 young (9216K), 9 survivors (9216K)
 Metaspace       used 20015K, committed 20416K, reserved 1114112K
  class space    used 2490K, committed 2688K, reserved 1048576K
}

Deoptimization events (20 events):
Event: 10.459 Thread 0x0000017b002d6d00 Uncommon trap: trap_request=0xffffff45 fr.pc=0x0000017b2aa8b67c relative=0x00000000000000fc
Event: 10.459 Thread 0x0000017b002d6d00 Uncommon trap: reason=unstable_if action=reinterpret pc=0x0000017b2aa8b67c method=java.lang.String.getBytes([BIIBI)V @ 6 c2
Event: 10.459 Thread 0x0000017b002d6d00 DEOPT PACKING pc=0x0000017b2aa8b67c sp=0x0000000252ffc550
Event: 10.459 Thread 0x0000017b002d6d00 DEOPT UNPACKING pc=0x0000017b2a3623a3 sp=0x0000000252ffc518 mode 2
Event: 11.798 Thread 0x0000017b000f49d0 Uncommon trap: trap_request=0xffffff45 fr.pc=0x0000017b2ab59dac relative=0x000000000000010c
Event: 11.798 Thread 0x0000017b000f49d0 Uncommon trap: reason=unstable_if action=reinterpret pc=0x0000017b2ab59dac method=java.lang.ThreadLocal$ThreadLocalMap.getEntry(Ljava/lang/ThreadLocal;)Ljava/lang/ThreadLocal$ThreadLocalMap$Entry; @ 29 c2
Event: 11.798 Thread 0x0000017b000f49d0 DEOPT PACKING pc=0x0000017b2ab59dac sp=0x00000002530fe580
Event: 11.798 Thread 0x0000017b000f49d0 DEOPT UNPACKING pc=0x0000017b2a3623a3 sp=0x00000002530fe498 mode 2
Event: 11.799 Thread 0x0000017b000f49d0 Uncommon trap: trap_request=0xffffff45 fr.pc=0x0000017b2ab59958 relative=0x00000000000000b8
Event: 11.799 Thread 0x0000017b000f49d0 Uncommon trap: reason=unstable_if action=reinterpret pc=0x0000017b2ab59958 method=java.lang.ThreadLocal$ThreadLocalMap.getEntry(Ljava/lang/ThreadLocal;)Ljava/lang/ThreadLocal$ThreadLocalMap$Entry; @ 29 c2
Event: 11.799 Thread 0x0000017b000f49d0 DEOPT PACKING pc=0x0000017b2ab59958 sp=0x00000002530fe1c0
Event: 11.799 Thread 0x0000017b000f49d0 DEOPT UNPACKING pc=0x0000017b2a3623a3 sp=0x00000002530fe160 mode 2
Event: 15.041 Thread 0x0000017b002d6d00 Uncommon trap: trap_request=0xffffffcc fr.pc=0x0000017b2ab57e84 relative=0x00000000000001e4
Event: 15.041 Thread 0x0000017b002d6d00 Uncommon trap: reason=intrinsic_or_type_checked_inlining action=make_not_entrant pc=0x0000017b2ab57e84 method=java.util.Arrays.copyOf([Ljava/lang/Object;ILjava/lang/Class;)[Ljava/lang/Object; @ 35 c2
Event: 15.041 Thread 0x0000017b002d6d00 DEOPT PACKING pc=0x0000017b2ab57e84 sp=0x0000000252ffe6a0
Event: 15.041 Thread 0x0000017b002d6d00 DEOPT UNPACKING pc=0x0000017b2a3623a3 sp=0x0000000252ffe630 mode 2
Event: 15.138 Thread 0x0000017b002d6d00 Uncommon trap: trap_request=0xfffffff4 fr.pc=0x0000017b2ab5ef1c relative=0x00000000000001bc
Event: 15.138 Thread 0x0000017b002d6d00 Uncommon trap: reason=null_check action=make_not_entrant pc=0x0000017b2ab5ef1c method=sun.util.locale.provider.JRELocaleProviderAdapter.getLocaleResources(Ljava/util/Locale;)Lsun/util/locale/provider/LocaleResources; @ 10 c2
Event: 15.138 Thread 0x0000017b002d6d00 DEOPT PACKING pc=0x0000017b2ab5ef1c sp=0x0000000252ffe630
Event: 15.138 Thread 0x0000017b002d6d00 DEOPT UNPACKING pc=0x0000017b2a3623a3 sp=0x0000000252ffe5f0 mode 2

Classes unloaded (0 events):
No events

Classes redefined (0 events):
No events

Internal exceptions (20 events):
Event: 2.382 Thread 0x0000017b0126a8e0 Exception <a 'java/lang/NoSuchMethodError'{0x000000008cf167c0}: 'void java.lang.invoke.DirectMethodHandle$Holder.invokeSpecial(java.lang.Object, java.lang.Object, java.lang.Object, java.lang.Object, java.lang.Object)'> (0x000000008cf167c0) 
thrown [s\open\src\hotspot\share\interpreter\linkResolver.cpp, line 759]
Event: 2.382 Thread 0x0000017b0126eab0 Exception <a 'java/lang/NoSuchMethodError'{0x000000008d0b8f08}: 'void java.lang.invoke.DirectMethodHandle$Holder.invokeSpecial(java.lang.Object, java.lang.Object, java.lang.Object, java.lang.Object, java.lang.Object)'> (0x000000008d0b8f08) 
thrown [s\open\src\hotspot\share\interpreter\linkResolver.cpp, line 759]
Event: 2.384 Thread 0x0000017b0126a3d0 Exception <a 'java/net/ConnectException'{0x000000008d448928}: Connection refused: no further information> (0x000000008d448928) 
thrown [s\open\src\hotspot\share\prims\jni.cpp, line 535]
Event: 2.384 Thread 0x0000017b0126a3d0 Exception <a 'java/net/SocketException'{0x000000008d448c60}: Socket is not connected: shutdown> (0x000000008d448c60) 
thrown [s\open\src\hotspot\share\prims\jni.cpp, line 535]
Event: 2.403 Thread 0x0000017b0126e090 Exception <a 'java/lang/NoSuchMethodError'{0x000000008ce05d88}: 'int java.lang.invoke.DirectMethodHandle$Holder.invokeSpecialIFC(java.lang.Object, java.lang.Object, java.lang.Object, java.lang.Object, java.lang.Object)'> (0x000000008ce05d88) 
thrown [s\open\src\hotspot\share\interpreter\linkResolver.cpp, line 759]
Event: 2.403 Thread 0x0000017b0126e5a0 Exception <a 'java/lang/NoSuchMethodError'{0x000000008ce47e78}: 'int java.lang.invoke.DirectMethodHandle$Holder.invokeSpecialIFC(java.lang.Object, java.lang.Object, java.lang.Object, java.lang.Object, java.lang.Object)'> (0x000000008ce47e78) 
thrown [s\open\src\hotspot\share\interpreter\linkResolver.cpp, line 759]
Event: 2.558 Thread 0x0000017b0126a3d0 Exception <a 'java/net/ConnectException'{0x000000008d449c38}: Connection refused: no further information> (0x000000008d449c38) 
thrown [s\open\src\hotspot\share\prims\jni.cpp, line 535]
Event: 2.558 Thread 0x0000017b0126a3d0 Exception <a 'java/net/SocketException'{0x000000008d449f70}: Socket is not connected: shutdown> (0x000000008d449f70) 
thrown [s\open\src\hotspot\share\prims\jni.cpp, line 535]
Event: 2.886 Thread 0x0000017b0126a3d0 Exception <a 'java/net/ConnectException'{0x000000008d44af48}: Connection refused: no further information> (0x000000008d44af48) 
thrown [s\open\src\hotspot\share\prims\jni.cpp, line 535]
Event: 2.886 Thread 0x0000017b0126a3d0 Exception <a 'java/net/SocketException'{0x000000008d44b280}: Socket is not connected: shutdown> (0x000000008d44b280) 
thrown [s\open\src\hotspot\share\prims\jni.cpp, line 535]
Event: 3.214 Thread 0x0000017b0126a3d0 Exception <a 'java/net/ConnectException'{0x000000008d44c258}: Connection refused: no further information> (0x000000008d44c258) 
thrown [s\open\src\hotspot\share\prims\jni.cpp, line 535]
Event: 3.214 Thread 0x0000017b0126a3d0 Exception <a 'java/net/SocketException'{0x000000008d44c590}: Socket is not connected: shutdown> (0x000000008d44c590) 
thrown [s\open\src\hotspot\share\prims\jni.cpp, line 535]
Event: 3.555 Thread 0x0000017b0126a3d0 Exception <a 'java/net/ConnectException'{0x000000008d44d568}: Connection refused: no further information> (0x000000008d44d568) 
thrown [s\open\src\hotspot\share\prims\jni.cpp, line 535]
Event: 3.555 Thread 0x0000017b0126a3d0 Exception <a 'java/net/SocketException'{0x000000008d44d8a0}: Socket is not connected: shutdown> (0x000000008d44d8a0) 
thrown [s\open\src\hotspot\share\prims\jni.cpp, line 535]
Event: 3.884 Thread 0x0000017b0126a3d0 Exception <a 'java/net/ConnectException'{0x000000008d44e8b0}: Connection refused: no further information> (0x000000008d44e8b0) 
thrown [s\open\src\hotspot\share\prims\jni.cpp, line 535]
Event: 3.884 Thread 0x0000017b0126a3d0 Exception <a 'java/net/SocketException'{0x000000008d44ebe8}: Socket is not connected: shutdown> (0x000000008d44ebe8) 
thrown [s\open\src\hotspot\share\prims\jni.cpp, line 535]
Event: 4.131 Thread 0x0000017b0126e5a0 Exception <a 'java/lang/NoSuchMethodError'{0x000000008cd5b7c8}: 'java.lang.Object java.lang.invoke.DirectMethodHandle$Holder.newInvokeSpecial(java.lang.Object, java.lang.Object, long, java.lang.Object, java.lang.Object, java.lang.Object)'> (0x000000008cd5b7c8) 
thrown [s\open\src\hotspot\share\interpreter\linkResolver.cpp, line 759]
Event: 4.135 Thread 0x0000017b0126e5a0 Exception <a 'java/lang/NoSuchMethodError'{0x000000008cd73888}: 'void java.lang.invoke.DirectMethodHandle$Holder.invokeSpecial(java.lang.Object, java.lang.Object, java.lang.Object, java.lang.Object, java.lang.Object, java.lang.Object, java.lang.Object)'> (0x000000008cd73888) 
thrown [s\open\src\hotspot\share\interpreter\linkResolver.cpp, line 759]
Event: 4.150 Thread 0x0000017b002d6d00 Exception <a 'java/lang/NoSuchMethodError'{0x000000008cdcaa88}: 'java.lang.Object java.lang.invoke.DirectMethodHandle$Holder.invokeSpecialIFC(java.lang.Object, java.lang.Object, java.lang.Object)'> (0x000000008cdcaa88) 
thrown [s\open\src\hotspot\share\interpreter\linkResolver.cpp, line 759]
Event: 15.137 Thread 0x0000017b002d6d00 Implicit null exception at 0x0000017b2ab5eded to 0x0000017b2ab5ef0d

VM Operations (20 events):
Event: 2.302 Executing VM operation: HandshakeAllThreads
Event: 2.302 Executing VM operation: HandshakeAllThreads done
Event: 3.306 Executing VM operation: Cleanup
Event: 3.307 Executing VM operation: Cleanup done
Event: 4.117 Executing VM operation: HandshakeAllThreads
Event: 4.117 Executing VM operation: HandshakeAllThreads done
Event: 5.128 Executing VM operation: Cleanup
Event: 5.128 Executing VM operation: Cleanup done
Event: 6.839 Executing VM operation: G1CollectForAllocation
Event: 6.849 Executing VM operation: G1CollectForAllocation done
Event: 7.859 Executing VM operation: Cleanup
Event: 7.859 Executing VM operation: Cleanup done
Event: 10.890 Executing VM operation: Cleanup
Event: 10.890 Executing VM operation: Cleanup done
Event: 11.902 Executing VM operation: Cleanup
Event: 11.902 Executing VM operation: Cleanup done
Event: 13.915 Executing VM operation: Cleanup
Event: 13.919 Executing VM operation: Cleanup done
Event: 14.932 Executing VM operation: Cleanup
Event: 14.933 Executing VM operation: Cleanup done

Events (20 events):
Event: 15.069 loading class java/io/FileReader
Event: 15.069 loading class java/io/FileReader done
Event: 15.101 loading class java/net/InetAddress$CachedLocalHost
Event: 15.103 loading class java/net/InetAddress$CachedLocalHost done
Event: 15.104 loading class java/text/FieldPosition$Delegate
Event: 15.107 loading class java/text/FieldPosition$Delegate done
Event: 15.109 loading class java/text/StringCharacterIterator
Event: 15.111 loading class java/text/CharacterIterator
Event: 15.112 loading class java/text/CharacterIterator done
Event: 15.112 loading class java/text/StringCharacterIterator done
Event: 15.114 loading class java/util/concurrent/ConcurrentLinkedDeque$Itr
Event: 15.116 loading class java/util/concurrent/ConcurrentLinkedDeque$AbstractItr
Event: 15.117 loading class java/util/concurrent/ConcurrentLinkedDeque$AbstractItr done
Event: 15.117 loading class java/util/concurrent/ConcurrentLinkedDeque$Itr done
Event: 15.127 loading class java/io/FileOutputStream$1
Event: 15.129 loading class java/io/FileOutputStream$1 done
Event: 15.139 loading class sun/util/resources/cldr/TimeZoneNames_en_US
Event: 15.141 loading class sun/util/resources/cldr/TimeZoneNames_en_US done
Event: 15.183 loading class java/util/concurrent/ConcurrentHashMap$KeySpliterator
Event: 15.185 loading class java/util/concurrent/ConcurrentHashMap$KeySpliterator done


Dynamic libraries:
0x00007ff6dbec0000 - 0x00007ff6dbed0000 	C:\Program Files\Java\jdk-17\bin\javaw.exe
0x00007ffac97f0000 - 0x00007ffac9a07000 	C:\WINDOWS\SYSTEM32\ntdll.dll
0x00007ffac8980000 - 0x00007ffac8a44000 	C:\WINDOWS\System32\KERNEL32.DLL
0x00007ffac6ed0000 - 0x00007ffac7287000 	C:\WINDOWS\System32\KERNELBASE.dll
0x00007ffac6b00000 - 0x00007ffac6c11000 	C:\WINDOWS\System32\ucrtbase.dll
0x00007ffab00b0000 - 0x00007ffab00c9000 	C:\Program Files\Java\jdk-17\bin\jli.dll
0x00007ffac8c80000 - 0x00007ffac8d32000 	C:\WINDOWS\System32\ADVAPI32.dll
0x00007ffac8ef0000 - 0x00007ffac8f97000 	C:\WINDOWS\System32\msvcrt.dll
0x00007ffac7730000 - 0x00007ffac77d8000 	C:\WINDOWS\System32\sechost.dll
0x00007ffaad560000 - 0x00007ffaad57b000 	C:\Program Files\Java\jdk-17\bin\VCRUNTIME140.dll
0x00007ffac7290000 - 0x00007ffac72b8000 	C:\WINDOWS\System32\bcrypt.dll
0x00007ffac7990000 - 0x00007ffac7aa4000 	C:\WINDOWS\System32\RPCRT4.dll
0x00007ffac7f60000 - 0x00007ffac810f000 	C:\WINDOWS\System32\USER32.dll
0x00007ffabcca0000 - 0x00007ffabcf33000 	C:\WINDOWS\WinSxS\amd64_microsoft.windows.common-controls_6595b64144ccf1df_6.0.22621.3672_none_2713b9d173822955\COMCTL32.dll
0x00007ffac7380000 - 0x00007ffac73a6000 	C:\WINDOWS\System32\win32u.dll
0x00007ffac8b00000 - 0x00007ffac8b29000 	C:\WINDOWS\System32\GDI32.dll
0x00007ffac6d10000 - 0x00007ffac6e28000 	C:\WINDOWS\System32\gdi32full.dll
0x00007ffac6e30000 - 0x00007ffac6eca000 	C:\WINDOWS\System32\msvcp_win.dll
0x00007ffabea00000 - 0x00007ffabea0a000 	C:\WINDOWS\SYSTEM32\VERSION.dll
0x00007ffac8b50000 - 0x00007ffac8b81000 	C:\WINDOWS\System32\IMM32.DLL
0x00007ffabf2d0000 - 0x00007ffabf2dc000 	C:\Program Files\Java\jdk-17\bin\vcruntime140_1.dll
0x00007ffa83ba0000 - 0x00007ffa83c2e000 	C:\Program Files\Java\jdk-17\bin\msvcp140.dll
0x00007ffa11250000 - 0x00007ffa11e2f000 	C:\Program Files\Java\jdk-17\bin\server\jvm.dll
0x00007ffac7e40000 - 0x00007ffac7e48000 	C:\WINDOWS\System32\PSAPI.DLL
0x00007ffaac4c0000 - 0x00007ffaac4c9000 	C:\WINDOWS\SYSTEM32\WSOCK32.dll
0x00007ffac11f0000 - 0x00007ffac1224000 	C:\WINDOWS\SYSTEM32\WINMM.dll
0x00007ffac9160000 - 0x00007ffac91d1000 	C:\WINDOWS\System32\WS2_32.dll
0x00007ffac5b20000 - 0x00007ffac5b38000 	C:\WINDOWS\SYSTEM32\kernel.appcore.dll
0x00007ffab7d30000 - 0x00007ffab7d3a000 	C:\Program Files\Java\jdk-17\bin\jimage.dll
0x00007ffabd760000 - 0x00007ffabd992000 	C:\WINDOWS\SYSTEM32\DBGHELP.DLL
0x00007ffac7ab0000 - 0x00007ffac7e3e000 	C:\WINDOWS\System32\combase.dll
0x00007ffac96d0000 - 0x00007ffac97a7000 	C:\WINDOWS\System32\OLEAUT32.dll
0x00007ffaba310000 - 0x00007ffaba342000 	C:\WINDOWS\SYSTEM32\dbgcore.DLL
0x00007ffac6c90000 - 0x00007ffac6d0b000 	C:\WINDOWS\System32\bcryptPrimitives.dll
0x00007ffaac920000 - 0x00007ffaac945000 	C:\Program Files\Java\jdk-17\bin\java.dll
0x00007ffa6c290000 - 0x00007ffa6c367000 	C:\Program Files\Java\jdk-17\bin\jsvml.dll
0x00007ffac8110000 - 0x00007ffac8979000 	C:\WINDOWS\System32\SHELL32.dll
0x00007ffac4a20000 - 0x00007ffac531f000 	C:\WINDOWS\SYSTEM32\windows.storage.dll
0x00007ffac48e0000 - 0x00007ffac4a1f000 	C:\WINDOWS\SYSTEM32\wintypes.dll
0x00007ffac7e50000 - 0x00007ffac7f49000 	C:\WINDOWS\System32\SHCORE.dll
0x00007ffac8b90000 - 0x00007ffac8bee000 	C:\WINDOWS\System32\shlwapi.dll
0x00007ffac6a30000 - 0x00007ffac6a57000 	C:\WINDOWS\SYSTEM32\profapi.dll
0x00007ffaa5410000 - 0x00007ffaa5429000 	C:\Program Files\Java\jdk-17\bin\net.dll
0x00007ffac27a0000 - 0x00007ffac28d6000 	C:\WINDOWS\SYSTEM32\WINHTTP.dll
0x00007ffac5fc0000 - 0x00007ffac6029000 	C:\WINDOWS\system32\mswsock.dll
0x00007ffa9b370000 - 0x00007ffa9b386000 	C:\Program Files\Java\jdk-17\bin\nio.dll
0x00007ffa958b0000 - 0x00007ffa958c8000 	C:\Program Files\Java\jdk-17\bin\zip.dll
0x00007ffac55b0000 - 0x00007ffac56b2000 	C:\WINDOWS\SYSTEM32\DNSAPI.dll
0x00007ffac5580000 - 0x00007ffac55ad000 	C:\WINDOWS\SYSTEM32\IPHLPAPI.DLL
0x00007ffac8bf0000 - 0x00007ffac8bf9000 	C:\WINDOWS\System32\NSI.dll
0x00007ffac11c0000 - 0x00007ffac11ca000 	C:\Windows\System32\rasadhlp.dll
0x00007ffabf3b0000 - 0x00007ffabf433000 	C:\WINDOWS\System32\fwpuclnt.dll
0x00007ffac6210000 - 0x00007ffac622b000 	C:\WINDOWS\SYSTEM32\CRYPTSP.dll
0x00007ffac5a80000 - 0x00007ffac5ab5000 	C:\WINDOWS\system32\rsaenh.dll
0x00007ffac60b0000 - 0x00007ffac60d8000 	C:\WINDOWS\SYSTEM32\USERENV.dll
0x00007ffac6230000 - 0x00007ffac623c000 	C:\WINDOWS\SYSTEM32\CRYPTBASE.dll
0x00007ffac1e40000 - 0x00007ffac1e59000 	C:\WINDOWS\SYSTEM32\dhcpcsvc6.DLL
0x00007ffac1e20000 - 0x00007ffac1e3f000 	C:\WINDOWS\SYSTEM32\dhcpcsvc.DLL
0x00007ffab05d0000 - 0x00007ffab05de000 	C:\Program Files\Java\jdk-17\bin\sunmscapi.dll
0x00007ffac73b0000 - 0x00007ffac7516000 	C:\WINDOWS\System32\CRYPT32.dll
0x00007ffac64a0000 - 0x00007ffac64cd000 	C:\WINDOWS\SYSTEM32\ncrypt.dll
0x00007ffac6410000 - 0x00007ffac6447000 	C:\WINDOWS\SYSTEM32\NTASN1.dll
0x00007ffab05b0000 - 0x00007ffab05c0000 	C:\Program Files\Java\jdk-17\bin\verify.dll
0x00007ffaadca0000 - 0x00007ffaadca8000 	C:\WINDOWS\system32\wshunix.dll
0x00007ffaac170000 - 0x00007ffaac187000 	C:\WINDOWS\system32\napinsp.dll
0x00007ffaac150000 - 0x00007ffaac16b000 	C:\WINDOWS\system32\pnrpnsp.dll
0x00007ffaac130000 - 0x00007ffaac141000 	C:\WINDOWS\System32\winrnr.dll
0x00007ffabed60000 - 0x00007ffabed75000 	C:\WINDOWS\system32\wshbth.dll
0x00007ffaac100000 - 0x00007ffaac127000 	C:\WINDOWS\system32\nlansp_c.dll

dbghelp: loaded successfully - version: 4.0.5 - missing functions: none
symbol engine: initialized successfully - sym options: 0x614 - pdb path: .;C:\Program Files\Java\jdk-17\bin;C:\WINDOWS\SYSTEM32;C:\WINDOWS\WinSxS\amd64_microsoft.windows.common-controls_6595b64144ccf1df_6.0.22621.3672_none_2713b9d173822955;C:\Program Files\Java\jdk-17\bin\server

VM Arguments:
jvm_args: -ea -Dfile.encoding=UTF-8 -Dstdout.encoding=UTF-8 -Dstderr.encoding=UTF-8 -XX:+ShowCodeDetailsInExceptionMessages 
java_command: org.testng.remote.RemoteTestNG -serport 61234 -protocol json -d C:\Users\yoges\remote_workspace2\FlipkartExcel\test-output C:\Users\yoges\remote_workspace2\FlipkartExcel\testng.xml
java_class_path (initial): C:\Users\yoges\eclipse\jee-2024-06\eclipse\configuration\org.eclipse.osgi\1015\0\.cp\lib\testng-remote.jar;C:\Users\yoges\remote_workspace2\FlipkartExcel\target\test-classes;C:\Users\yoges\remote_workspace2\FlipkartExcel\target\classes;C:\Users\yoges\.p2\pool\plugins\org.testng_7.10.1.r202404130807.jar;C:\Users\yoges\.m2\repository\org\seleniumhq\selenium\selenium-java\4.26.0\selenium-java-4.26.0.jar;C:\Users\yoges\.m2\repository\org\seleniumhq\selenium\selenium-api\4.26.0\selenium-api-4.26.0.jar;C:\Users\yoges\.m2\repository\org\jspecify\jspecify\1.0.0\jspecify-1.0.0.jar;C:\Users\yoges\.m2\repository\org\seleniumhq\selenium\selenium-chrome-driver\4.26.0\selenium-chrome-driver-4.26.0.jar;C:\Users\yoges\.m2\repository\com\google\auto\service\auto-service-annotations\1.1.1\auto-service-annotations-1.1.1.jar;C:\Users\yoges\.m2\repository\org\seleniumhq\selenium\selenium-chromium-driver\4.26.0\selenium-chromium-driver-4.26.0.jar;C:\Users\yoges\.m2\repository\org\seleniumhq\selenium\selenium-json\4.26.0\selenium-json-4.26.0.jar;C:\Users\yoges\.m2\repository\org\seleniumhq\selenium\selenium-manager\4.26.0\selenium-manager-4.26.0.jar;C:\Users\yoges\.m2\repository\org\seleniumhq\selenium\selenium-devtools-v128\4.26.0\selenium-devtools-v128-4.26.0.jar;C:\Users\yoges\.m2\repository\org\seleniumhq\selenium\selenium-devtools-v129\4.26.0\selenium-devtools-v129-4.26.0.jar;C:\Users\yoges\.m2\repository\org\seleniumhq\selenium\selenium-devtools-v130\4.26.0\selenium-devtools-v130-4.26.0.jar;C:\Users\yoges\.m2\repository\org\seleniumhq\selenium\selenium-devtools-v85\4.26.0\selenium-devtools-v85-4.26.0.jar;C:\Users\yoges\.m2\repository\org\seleniumhq\selenium\selenium-edge-driver\4.26.0\selenium-edge-driver-4.26.0.jar;C:\Users\yoges\.m2\repository\org\seleniumhq\selenium\selenium-firefox-driver\4.26.0\selenium-firefox-driver-4.26.0.jar;C:\Users\yoges\.m2\repository\org\seleniumhq\selenium\selenium-http\4.26.0\selenium-http-4.26.0.jar;C:\Users\yoges\.m2\rep
Launcher Type: SUN_STANDARD

[Global flags]
     intx CICompilerCount                          = 12                                        {product} {ergonomic}
     uint ConcGCThreads                            = 3                                         {product} {ergonomic}
     uint G1ConcRefinementThreads                  = 13                                        {product} {ergonomic}
   size_t G1HeapRegionSize                         = 1048576                                   {product} {ergonomic}
    uintx GCDrainStackTargetSize                   = 64                                        {product} {ergonomic}
   size_t InitialHeapSize                          = 125829120                                 {product} {ergonomic}
   size_t MarkStackSize                            = 4194304                                   {product} {ergonomic}
   size_t MaxHeapSize                              = 1992294400                                {product} {ergonomic}
   size_t MaxNewSize                               = 1195376640                                {product} {ergonomic}
   size_t MinHeapDeltaBytes                        = 1048576                                   {product} {ergonomic}
   size_t MinHeapSize                              = 8388608                                   {product} {ergonomic}
    uintx NonNMethodCodeHeapSize                   = 7602480                                {pd product} {ergonomic}
    uintx NonProfiledCodeHeapSize                  = 122027880                              {pd product} {ergonomic}
    uintx ProfiledCodeHeapSize                     = 122027880                              {pd product} {ergonomic}
    uintx ReservedCodeCacheSize                    = 251658240                              {pd product} {ergonomic}
     bool SegmentedCodeCache                       = true                                      {product} {ergonomic}
     bool ShowCodeDetailsInExceptionMessages       = true                                   {manageable} {command line}
   size_t SoftMaxHeapSize                          = 1992294400                             {manageable} {ergonomic}
     bool UseCompressedClassPointers               = true                           {product lp64_product} {ergonomic}
     bool UseCompressedOops                        = true                           {product lp64_product} {ergonomic}
     bool UseG1GC                                  = true                                      {product} {ergonomic}
     bool UseLargePagesIndividualAllocation        = false                                  {pd product} {ergonomic}

Logging:
Log output configuration:
 #0: stdout all=warning uptime,level,tags
 #1: stderr all=off uptime,level,tags

Environment Variables:
JAVA_HOME=C:\Program Files\Java\jdk-17
PATH=C:/Users/yoges/.p2/pool/plugins/org.eclipse.justj.openjdk.hotspot.jre.full.win32.x86_64_22.0.1.v20240426-1149/jre/bin/server;C:/Users/yoges/.p2/pool/plugins/org.eclipse.justj.openjdk.hotspot.jre.full.win32.x86_64_22.0.1.v20240426-1149/jre/bin;C:\Program Files\Common Files\Oracle\Java\javapath;C:\Python311\Scripts\;C:\Python311\;C:\oraclexe\app\oracle\product\11.2.0\server\bin;C:\Program Files\nodejs\;C:\ProgramData\chocolatey\bin;C:\Program Files\MongoDB\Server\6.0\bin;C:\Program Files\Microsoft SQL Server\150\Tools\Binn\;C:\Program Files\Microsoft SQL Server\Client SDK\ODBC\170\Tools\Binn\;C:\Program Files\dotnet\;C:\Program Files\Java\jdk-17\bin;C:\Maven1\apache-maven-3.9.8\bin;C:\Program Files\MySQL\MySQL Server 8.0\bin;C:\Program Files (x86)\NVIDIA Corporation\PhysX\Common;C:\Program Files\NVIDIA Corporation\NVIDIA NvDLISR;C:\Program Files\Git\cmd;C:\Users\yoges\Downloads\selenium IDE;C:\Program Files\Docker\Docker\resources\bin;C:\kubernetesctl;C:\Program Files\Kubernetes\Minikube;C:\Program Files\MySQL\MySQL Shell 8.0\bin\;C:\Users\yoges\AppData\Local\Microsoft\WindowsApps;C:\Users\yoges\AppData\Local\Programs\Microsoft VS Code\bin;C:\MinGW\bin;C:\MinGW\msys\1.0\bin;C:\Program Files\Java\jdk1.8.0_361\bin;C:\Users\yoges\AppData\Roaming\npm;C:\Users\yoges\.dotnet\tools;C:\Windows\System32;;C:\Users\yoges\Desktop;
USERNAME=yoges
OS=Windows_NT
PROCESSOR_IDENTIFIER=AMD64 Family 23 Model 96 Stepping 1, AuthenticAMD



---------------  S Y S T E M  ---------------

OS:
 Windows 11 , 64 bit Build 22621 (10.0.22621.3958)
OS uptime: 13 days 21:53 hours
Hyper-V role detected

CPU: total 16 (initial active 16) (16 cores per cpu, 2 threads per core) family 23 model 96 stepping 1 microcode 0x0, cx8, cmov, fxsr, ht, mmx, 3dnowpref, sse, sse2, sse3, ssse3, sse4a, sse4.1, sse4.2, popcnt, lzcnt, tsc, tscinvbit, avx, avx2, aes, clmul, bmi1, bmi2, adx, sha, fma, vzeroupper, clflush, clflushopt, hv

Memory: 4k page, system-wide physical 7598M (28M free)
TotalPageFile size 31150M (AvailPageFile size 11M)
current process WorkingSet (physical memory assigned to process): 64M, peak: 174M
current process commit charge ("private bytes"): 265M, peak: 277M

vm_info: Java HotSpot(TM) 64-Bit Server VM (17.0.10+11-LTS-240) for windows-amd64 JRE (17.0.10+11-LTS-240), built on Dec 19 2023 21:47:25 by "mach5one" with MS VC++ 17.1 (VS2022)

END.
